<?xml version="1.0" encoding="UTF-8"?>
<testng-results ignored="0" total="12" passed="8" failed="4" skipped="0">
  <reporter-output>
    <line>
      <![CDATA[setting up reports and test is getting ready]]>
    </line>
    <line>
      <![CDATA[setting done test can be started]]>
    </line>
    <line>
      <![CDATA[Trying to start Browser and getting application ready]]>
    </line>
    <line>
      <![CDATA[Browser and application is up and running]]>
    </line>
    <line>
      <![CDATA[Test is about to end]]>
    </line>
    <line>
      <![CDATA[Test Completed >>> Reports Generated]]>
    </line>
    <line>
      <![CDATA[Test is about to end]]>
    </line>
    <line>
      <![CDATA[Test Completed >>> Reports Generated]]>
    </line>
    <line>
      <![CDATA[setting up reports and test is getting ready]]>
    </line>
    <line>
      <![CDATA[setting done test can be started]]>
    </line>
    <line>
      <![CDATA[Trying to start Browser and getting application ready]]>
    </line>
    <line>
      <![CDATA[Browser and application is up and running]]>
    </line>
    <line>
      <![CDATA[Test is about to end]]>
    </line>
    <line>
      <![CDATA[Test Completed >>> Reports Generated]]>
    </line>
    <line>
      <![CDATA[Test is about to end]]>
    </line>
    <line>
      <![CDATA[Test Completed >>> Reports Generated]]>
    </line>
    <line>
      <![CDATA[setting up reports and test is getting ready]]>
    </line>
    <line>
      <![CDATA[setting done test can be started]]>
    </line>
    <line>
      <![CDATA[Trying to start Browser and getting application ready]]>
    </line>
    <line>
      <![CDATA[Browser and application is up and running]]>
    </line>
    <line>
      <![CDATA[Test is about to end]]>
    </line>
    <line>
      <![CDATA[Test Completed >>> Reports Generated]]>
    </line>
    <line>
      <![CDATA[Test is about to end]]>
    </line>
    <line>
      <![CDATA[Test Completed >>> Reports Generated]]>
    </line>
    <line>
      <![CDATA[setting up reports and test is getting ready]]>
    </line>
    <line>
      <![CDATA[setting done test can be started]]>
    </line>
    <line>
      <![CDATA[Trying to start Browser and getting application ready]]>
    </line>
    <line>
      <![CDATA[Browser and application is up and running]]>
    </line>
    <line>
      <![CDATA[Test is about to end]]>
    </line>
    <line>
      <![CDATA[Test Completed >>> Reports Generated]]>
    </line>
    <line>
      <![CDATA[setting up reports and test is getting ready]]>
    </line>
    <line>
      <![CDATA[setting done test can be started]]>
    </line>
    <line>
      <![CDATA[Trying to start Browser and getting application ready]]>
    </line>
    <line>
      <![CDATA[Browser and application is up and running]]>
    </line>
    <line>
      <![CDATA[Test is about to end]]>
    </line>
    <line>
      <![CDATA[Test Completed >>> Reports Generated]]>
    </line>
    <line>
      <![CDATA[setting up reports and test is getting ready]]>
    </line>
    <line>
      <![CDATA[setting done test can be started]]>
    </line>
    <line>
      <![CDATA[Trying to start Browser and getting application ready]]>
    </line>
    <line>
      <![CDATA[Browser and application is up and running]]>
    </line>
    <line>
      <![CDATA[Test is about to end]]>
    </line>
    <line>
      <![CDATA[Test Completed >>> Reports Generated]]>
    </line>
    <line>
      <![CDATA[setting up reports and test is getting ready]]>
    </line>
    <line>
      <![CDATA[setting done test can be started]]>
    </line>
    <line>
      <![CDATA[Trying to start Browser and getting application ready]]>
    </line>
    <line>
      <![CDATA[Browser and application is up and running]]>
    </line>
    <line>
      <![CDATA[Test is about to end]]>
    </line>
    <line>
      <![CDATA[Test Completed >>> Reports Generated]]>
    </line>
    <line>
      <![CDATA[setting up reports and test is getting ready]]>
    </line>
    <line>
      <![CDATA[setting done test can be started]]>
    </line>
    <line>
      <![CDATA[Trying to start Browser and getting application ready]]>
    </line>
    <line>
      <![CDATA[Browser and application is up and running]]>
    </line>
    <line>
      <![CDATA[Test is about to end]]>
    </line>
    <line>
      <![CDATA[Test Completed >>> Reports Generated]]>
    </line>
    <line>
      <![CDATA[setting up reports and test is getting ready]]>
    </line>
    <line>
      <![CDATA[setting done test can be started]]>
    </line>
    <line>
      <![CDATA[Trying to start Browser and getting application ready]]>
    </line>
    <line>
      <![CDATA[Browser and application is up and running]]>
    </line>
    <line>
      <![CDATA[Test is about to end]]>
    </line>
    <line>
      <![CDATA[Test Completed >>> Reports Generated]]>
    </line>
  </reporter-output>
  <suite started-at="2023-07-03T21:54:27 IST" name="Suite" finished-at="2023-07-03T21:55:51 IST" duration-ms="84128">
    <groups>
    </groups>
    <test started-at="2023-07-03T21:54:27 IST" name="Test" finished-at="2023-07-03T21:55:51 IST" duration-ms="84128">
      <class name="com.altos.Test_cases.Test_Add_Task">
        <test-method is-config="true" signature="setUpSuite()[pri:0, instance:com.altos.Test_cases.Test_Add_Task@53fdffa1]" started-at="2023-07-03T21:54:27 IST" name="setUpSuite" finished-at="2023-07-03T21:54:27 IST" duration-ms="69" status="PASS">
          <reporter-output>
            <line>
              <![CDATA[setting up reports and test is getting ready]]>
            </line>
            <line>
              <![CDATA[setting done test can be started]]>
            </line>
          </reporter-output>
        </test-method> <!-- setUpSuite -->
        <test-method is-config="true" signature="setup()[pri:0, instance:com.altos.Test_cases.Test_Add_Task@53fdffa1]" started-at="2023-07-03T21:54:27 IST" name="setup" finished-at="2023-07-03T21:54:35 IST" duration-ms="7820" status="PASS">
          <reporter-output>
            <line>
              <![CDATA[Trying to start Browser and getting application ready]]>
            </line>
            <line>
              <![CDATA[Browser and application is up and running]]>
            </line>
          </reporter-output>
        </test-method> <!-- setup -->
        <test-method signature="loginAltos_TL()[pri:0, instance:com.altos.Test_cases.Test_Add_Task@53fdffa1]" started-at="2023-07-03T21:54:35 IST" name="loginAltos_TL" finished-at="2023-07-03T21:54:39 IST" duration-ms="4131" status="PASS">
          <reporter-output>
          </reporter-output>
        </test-method> <!-- loginAltos_TL -->
        <test-method is-config="true" signature="tearDownMethod(org.testng.ITestResult)[pri:0, instance:com.altos.Test_cases.Test_Add_Task@53fdffa1]" started-at="2023-07-03T21:54:39 IST" name="tearDownMethod" finished-at="2023-07-03T21:54:40 IST" duration-ms="633" status="PASS">
          <params>
            <param index="0">
              <value>
                <![CDATA[[TestResult name=loginAltos_TL status=SUCCESS method=Test_Add_Task.loginAltos_TL()[pri:0, instance:com.altos.Test_cases.Test_Add_Task@53fdffa1] output={null}]]]>
              </value>
            </param>
          </params>
          <reporter-output>
            <line>
              <![CDATA[Test is about to end]]>
            </line>
            <line>
              <![CDATA[Test Completed >>> Reports Generated]]>
            </line>
          </reporter-output>
        </test-method> <!-- tearDownMethod -->
        <test-method signature="Add_Task()[pri:0, instance:com.altos.Test_cases.Test_Add_Task@53fdffa1]" started-at="2023-07-03T21:54:40 IST" name="Add_Task" finished-at="2023-07-03T21:55:50 IST" depends-on-methods="com.altos.Test_cases.Test_Add_Task.loginAltos_TL" duration-ms="70324" status="PASS">
          <reporter-output>
          </reporter-output>
        </test-method> <!-- Add_Task -->
        <test-method is-config="true" signature="tearDownMethod(org.testng.ITestResult)[pri:0, instance:com.altos.Test_cases.Test_Add_Task@53fdffa1]" started-at="2023-07-03T21:55:50 IST" name="tearDownMethod" finished-at="2023-07-03T21:55:51 IST" duration-ms="590" status="PASS">
          <params>
            <param index="0">
              <value>
                <![CDATA[[TestResult name=Add_Task status=SUCCESS method=Test_Add_Task.Add_Task()[pri:0, instance:com.altos.Test_cases.Test_Add_Task@53fdffa1] output={null}]]]>
              </value>
            </param>
          </params>
          <reporter-output>
            <line>
              <![CDATA[Test is about to end]]>
            </line>
            <line>
              <![CDATA[Test Completed >>> Reports Generated]]>
            </line>
          </reporter-output>
        </test-method> <!-- tearDownMethod -->
        <test-method is-config="true" signature="tearDown()[pri:0, instance:com.altos.Test_cases.Test_Add_Task@53fdffa1]" started-at="2023-07-03T21:55:51 IST" name="tearDown" finished-at="2023-07-03T21:55:51 IST" duration-ms="626" status="PASS">
          <reporter-output>
          </reporter-output>
        </test-method> <!-- tearDown -->
      </class> <!-- com.altos.Test_cases.Test_Add_Task -->
    </test> <!-- Test -->
  </suite> <!-- Suite -->
  <suite started-at="2023-07-03T21:56:36 IST" name="CompleteTask_Sorte" finished-at="2023-07-03T21:57:08 IST" duration-ms="32008">
    <groups>
    </groups>
    <test started-at="2023-07-03T21:56:36 IST" name="Test" finished-at="2023-07-03T21:57:08 IST" duration-ms="32008">
      <class name="com.altos.Test_cases.Test_CompleteTask_SorteTest">
        <test-method is-config="true" signature="setUpSuite()[pri:0, instance:com.altos.Test_cases.Test_CompleteTask_SorteTest@614ca7df]" started-at="2023-07-03T21:56:36 IST" name="setUpSuite" finished-at="2023-07-03T21:56:36 IST" duration-ms="28" status="PASS">
          <reporter-output>
            <line>
              <![CDATA[setting up reports and test is getting ready]]>
            </line>
            <line>
              <![CDATA[setting done test can be started]]>
            </line>
          </reporter-output>
        </test-method> <!-- setUpSuite -->
        <test-method is-config="true" signature="setup()[pri:0, instance:com.altos.Test_cases.Test_CompleteTask_SorteTest@614ca7df]" started-at="2023-07-03T21:56:36 IST" name="setup" finished-at="2023-07-03T21:56:45 IST" duration-ms="8898" status="PASS">
          <reporter-output>
            <line>
              <![CDATA[Trying to start Browser and getting application ready]]>
            </line>
            <line>
              <![CDATA[Browser and application is up and running]]>
            </line>
          </reporter-output>
        </test-method> <!-- setup -->
        <test-method signature="CompleteTask_Sorter()[pri:0, instance:com.altos.Test_cases.Test_CompleteTask_SorteTest@614ca7df]" started-at="2023-07-03T21:56:45 IST" name="CompleteTask_Sorter" finished-at="2023-07-03T21:57:07 IST" duration-ms="22179" status="PASS">
          <reporter-output>
          </reporter-output>
        </test-method> <!-- CompleteTask_Sorter -->
        <test-method is-config="true" signature="tearDownMethod(org.testng.ITestResult)[pri:0, instance:com.altos.Test_cases.Test_CompleteTask_SorteTest@614ca7df]" started-at="2023-07-03T21:57:07 IST" name="tearDownMethod" finished-at="2023-07-03T21:57:08 IST" duration-ms="496" status="PASS">
          <params>
            <param index="0">
              <value>
                <![CDATA[[TestResult name=CompleteTask_Sorter status=SUCCESS method=Test_CompleteTask_SorteTest.CompleteTask_Sorter()[pri:0, instance:com.altos.Test_cases.Test_CompleteTask_SorteTest@614ca7df] output={null}]]]>
              </value>
            </param>
          </params>
          <reporter-output>
            <line>
              <![CDATA[Test is about to end]]>
            </line>
            <line>
              <![CDATA[Test Completed >>> Reports Generated]]>
            </line>
          </reporter-output>
        </test-method> <!-- tearDownMethod -->
        <test-method is-config="true" signature="tearDown()[pri:0, instance:com.altos.Test_cases.Test_CompleteTask_SorteTest@614ca7df]" started-at="2023-07-03T21:57:08 IST" name="tearDown" finished-at="2023-07-03T21:57:08 IST" duration-ms="432" status="PASS">
          <reporter-output>
          </reporter-output>
        </test-method> <!-- tearDown -->
      </class> <!-- com.altos.Test_cases.Test_CompleteTask_SorteTest -->
    </test> <!-- Test -->
  </suite> <!-- CompleteTask_Sorte -->
  <suite started-at="2023-07-03T21:57:08 IST" name="CompleteTask_MT" finished-at="2023-07-03T21:58:02 IST" duration-ms="54077">
    <groups>
    </groups>
    <test started-at="2023-07-03T21:57:08 IST" name="Test" finished-at="2023-07-03T21:58:02 IST" duration-ms="54077">
      <class name="com.altos.Test_cases.Test_CompleteTask_MT">
        <test-method is-config="true" signature="setUpSuite()[pri:0, instance:com.altos.Test_cases.Test_CompleteTask_MT@618425b5]" started-at="2023-07-03T21:57:08 IST" name="setUpSuite" finished-at="2023-07-03T21:57:08 IST" duration-ms="38" status="PASS">
          <reporter-output>
            <line>
              <![CDATA[setting up reports and test is getting ready]]>
            </line>
            <line>
              <![CDATA[setting done test can be started]]>
            </line>
          </reporter-output>
        </test-method> <!-- setUpSuite -->
        <test-method is-config="true" signature="setup()[pri:0, instance:com.altos.Test_cases.Test_CompleteTask_MT@618425b5]" started-at="2023-07-03T21:57:08 IST" name="setup" finished-at="2023-07-03T21:57:17 IST" duration-ms="8405" status="PASS">
          <reporter-output>
            <line>
              <![CDATA[Trying to start Browser and getting application ready]]>
            </line>
            <line>
              <![CDATA[Browser and application is up and running]]>
            </line>
          </reporter-output>
        </test-method> <!-- setup -->
        <test-method signature="Complete_MT_Task()[pri:0, instance:com.altos.Test_cases.Test_CompleteTask_MT@618425b5]" started-at="2023-07-03T21:57:17 IST" name="Complete_MT_Task" finished-at="2023-07-03T21:58:01 IST" duration-ms="43963" status="FAIL">
          <exception class="org.openqa.selenium.NoSuchElementException">
            <message>
              <![CDATA[no such element: Unable to locate element: {"method":"xpath","selector":"//div[@class='angular-editor-textarea']"}
  (Session info: chrome=114.0.5735.199)
For documentation on this error, please visit: http://seleniumhq.org/exceptions/no_such_element.html
Build info: version: '3.141.0', revision: '2ecb7d9a', time: '2018-10-31T20:09:30'
System info: host: 'SHIVANAND-JADHA', ip: '192.168.0.103', os.name: 'Windows 10', os.arch: 'amd64', os.version: '10.0', java.version: '11.0.17'
Driver info: org.openqa.selenium.chrome.ChromeDriver
Capabilities {acceptInsecureCerts: false, browserName: chrome, browserVersion: 114.0.5735.199, chrome: {chromedriverVersion: 114.0.5735.90 (386bc09e8f4f..., userDataDir: C:\Users\HP\AppData\Local\T...}, goog:chromeOptions: {debuggerAddress: localhost:57275}, javascriptEnabled: true, networkConnectionEnabled: false, pageLoadStrategy: normal, platform: WINDOWS, platformName: WINDOWS, proxy: Proxy(), setWindowRect: true, strictFileInteractability: false, timeouts: {implicit: 0, pageLoad: 300000, script: 30000}, unhandledPromptBehavior: dismiss and notify, webauthn:extension:credBlob: true, webauthn:extension:largeBlob: true, webauthn:extension:minPinLength: true, webauthn:extension:prf: true, webauthn:virtualAuthenticators: true}
Session ID: be3891e93598c0d1927f1233464853b1
*** Element info: {Using=xpath, value=//div[@class='angular-editor-textarea']}]]>
            </message>
            <full-stacktrace>
              <![CDATA[org.openqa.selenium.NoSuchElementException: no such element: Unable to locate element: {"method":"xpath","selector":"//div[@class='angular-editor-textarea']"}
  (Session info: chrome=114.0.5735.199)
For documentation on this error, please visit: http://seleniumhq.org/exceptions/no_such_element.html
Build info: version: '3.141.0', revision: '2ecb7d9a', time: '2018-10-31T20:09:30'
System info: host: 'SHIVANAND-JADHA', ip: '192.168.0.103', os.name: 'Windows 10', os.arch: 'amd64', os.version: '10.0', java.version: '11.0.17'
Driver info: org.openqa.selenium.chrome.ChromeDriver
Capabilities {acceptInsecureCerts: false, browserName: chrome, browserVersion: 114.0.5735.199, chrome: {chromedriverVersion: 114.0.5735.90 (386bc09e8f4f..., userDataDir: C:\Users\HP\AppData\Local\T...}, goog:chromeOptions: {debuggerAddress: localhost:57275}, javascriptEnabled: true, networkConnectionEnabled: false, pageLoadStrategy: normal, platform: WINDOWS, platformName: WINDOWS, proxy: Proxy(), setWindowRect: true, strictFileInteractability: false, timeouts: {implicit: 0, pageLoad: 300000, script: 30000}, unhandledPromptBehavior: dismiss and notify, webauthn:extension:credBlob: true, webauthn:extension:largeBlob: true, webauthn:extension:minPinLength: true, webauthn:extension:prf: true, webauthn:virtualAuthenticators: true}
Session ID: be3891e93598c0d1927f1233464853b1
*** Element info: {Using=xpath, value=//div[@class='angular-editor-textarea']}
at java.base/jdk.internal.reflect.NativeConstructorAccessorImpl.newInstance0(Native Method)
at java.base/jdk.internal.reflect.NativeConstructorAccessorImpl.newInstance(NativeConstructorAccessorImpl.java:62)
at java.base/jdk.internal.reflect.DelegatingConstructorAccessorImpl.newInstance(DelegatingConstructorAccessorImpl.java:45)
at java.base/java.lang.reflect.Constructor.newInstance(Constructor.java:490)
at org.openqa.selenium.remote.http.W3CHttpResponseCodec.createException(W3CHttpResponseCodec.java:187)
at org.openqa.selenium.remote.http.W3CHttpResponseCodec.decode(W3CHttpResponseCodec.java:122)
at org.openqa.selenium.remote.http.W3CHttpResponseCodec.decode(W3CHttpResponseCodec.java:49)
at org.openqa.selenium.remote.HttpCommandExecutor.execute(HttpCommandExecutor.java:158)
at org.openqa.selenium.remote.service.DriverCommandExecutor.execute(DriverCommandExecutor.java:83)
at org.openqa.selenium.remote.RemoteWebDriver.execute(RemoteWebDriver.java:552)
at org.openqa.selenium.remote.RemoteWebDriver.findElement(RemoteWebDriver.java:323)
at org.openqa.selenium.remote.RemoteWebDriver.findElementByXPath(RemoteWebDriver.java:428)
at org.openqa.selenium.By$ByXPath.findElement(By.java:353)
at org.openqa.selenium.remote.RemoteWebDriver.findElement(RemoteWebDriver.java:315)
at org.openqa.selenium.support.pagefactory.DefaultElementLocator.findElement(DefaultElementLocator.java:69)
at org.openqa.selenium.support.pagefactory.internal.LocatingElementHandler.invoke(LocatingElementHandler.java:38)
at com.sun.proxy.$Proxy11.clear(Unknown Source)
at com.altos.Page_opject.LogingMT_page.Complete_MT_Task(LogingMT_page.java:94)
at com.altos.Test_cases.Test_CompleteTask_MT.Complete_MT_Task(Test_CompleteTask_MT.java:22)
at java.base/jdk.internal.reflect.NativeMethodAccessorImpl.invoke0(Native Method)
at java.base/jdk.internal.reflect.NativeMethodAccessorImpl.invoke(NativeMethodAccessorImpl.java:62)
at java.base/jdk.internal.reflect.DelegatingMethodAccessorImpl.invoke(DelegatingMethodAccessorImpl.java:43)
at java.base/java.lang.reflect.Method.invoke(Method.java:566)
at org.testng.internal.MethodInvocationHelper.invokeMethod(MethodInvocationHelper.java:133)
at org.testng.internal.TestInvoker.invokeMethod(TestInvoker.java:598)
at org.testng.internal.TestInvoker.invokeTestMethod(TestInvoker.java:173)
at org.testng.internal.MethodRunner.runInSequence(MethodRunner.java:46)
at org.testng.internal.TestInvoker$MethodInvocationAgent.invoke(TestInvoker.java:824)
at org.testng.internal.TestInvoker.invokeTestMethods(TestInvoker.java:146)
at org.testng.internal.TestMethodWorker.invokeTestMethods(TestMethodWorker.java:146)
at org.testng.internal.TestMethodWorker.run(TestMethodWorker.java:128)
at java.base/java.util.ArrayList.forEach(ArrayList.java:1541)
at org.testng.TestRunner.privateRun(TestRunner.java:794)
at org.testng.TestRunner.run(TestRunner.java:596)
at org.testng.SuiteRunner.runTest(SuiteRunner.java:377)
at org.testng.SuiteRunner.runSequentially(SuiteRunner.java:371)
at org.testng.SuiteRunner.privateRun(SuiteRunner.java:332)
at org.testng.SuiteRunner.run(SuiteRunner.java:276)
at org.testng.SuiteRunnerWorker.runSuite(SuiteRunnerWorker.java:53)
at org.testng.SuiteRunnerWorker.run(SuiteRunnerWorker.java:96)
at org.testng.TestNG.runSuitesSequentially(TestNG.java:1212)
at org.testng.TestNG.runSuitesSequentially(TestNG.java:1207)
at org.testng.TestNG.runSuitesLocally(TestNG.java:1134)
at org.testng.TestNG.runSuites(TestNG.java:1063)
at org.testng.TestNG.run(TestNG.java:1031)
at org.apache.maven.surefire.testng.TestNGExecutor.run(TestNGExecutor.java:308)
at org.apache.maven.surefire.testng.TestNGXmlTestSuite.execute(TestNGXmlTestSuite.java:71)
at org.apache.maven.surefire.testng.TestNGProvider.invoke(TestNGProvider.java:113)
at org.apache.maven.surefire.booter.ForkedBooter.runSuitesInProcess(ForkedBooter.java:385)
at org.apache.maven.surefire.booter.ForkedBooter.execute(ForkedBooter.java:162)
at org.apache.maven.surefire.booter.ForkedBooter.run(ForkedBooter.java:507)
at org.apache.maven.surefire.booter.ForkedBooter.main(ForkedBooter.java:495)
]]>
            </full-stacktrace>
          </exception> <!-- org.openqa.selenium.NoSuchElementException -->
          <reporter-output>
          </reporter-output>
        </test-method> <!-- Complete_MT_Task -->
        <test-method is-config="true" signature="tearDownMethod(org.testng.ITestResult)[pri:0, instance:com.altos.Test_cases.Test_CompleteTask_MT@618425b5]" started-at="2023-07-03T21:58:01 IST" name="tearDownMethod" finished-at="2023-07-03T21:58:02 IST" duration-ms="1020" status="PASS">
          <params>
            <param index="0">
              <value>
                <![CDATA[[TestResult name=Complete_MT_Task status=FAILURE method=Test_CompleteTask_MT.Complete_MT_Task()[pri:0, instance:com.altos.Test_cases.Test_CompleteTask_MT@618425b5] output={null}]]]>
              </value>
            </param>
          </params>
          <reporter-output>
            <line>
              <![CDATA[Test is about to end]]>
            </line>
            <line>
              <![CDATA[Test Completed >>> Reports Generated]]>
            </line>
          </reporter-output>
        </test-method> <!-- tearDownMethod -->
        <test-method is-config="true" signature="tearDown()[pri:0, instance:com.altos.Test_cases.Test_CompleteTask_MT@618425b5]" started-at="2023-07-03T21:58:02 IST" name="tearDown" finished-at="2023-07-03T21:58:02 IST" duration-ms="678" status="PASS">
          <reporter-output>
          </reporter-output>
        </test-method> <!-- tearDown -->
      </class> <!-- com.altos.Test_cases.Test_CompleteTask_MT -->
    </test> <!-- Test -->
  </suite> <!-- CompleteTask_MT -->
  <suite started-at="2023-07-03T21:52:39 IST" name="Create_Job_On_JobPage" finished-at="2023-07-03T21:53:33 IST" duration-ms="54040">
    <groups>
    </groups>
    <test started-at="2023-07-03T21:52:39 IST" name="Test" finished-at="2023-07-03T21:53:33 IST" duration-ms="54040">
      <class name="com.altos.Test_cases.Test_Create_Job_On_JobPage">
        <test-method is-config="true" signature="setUpSuite()[pri:0, instance:com.altos.Test_cases.Test_Create_Job_On_JobPage@50ad3bc1]" started-at="2023-07-03T21:52:38 IST" name="setUpSuite" finished-at="2023-07-03T21:52:39 IST" duration-ms="817" status="PASS">
          <reporter-output>
            <line>
              <![CDATA[setting up reports and test is getting ready]]>
            </line>
            <line>
              <![CDATA[setting done test can be started]]>
            </line>
          </reporter-output>
        </test-method> <!-- setUpSuite -->
        <test-method is-config="true" signature="setup()[pri:0, instance:com.altos.Test_cases.Test_Create_Job_On_JobPage@50ad3bc1]" started-at="2023-07-03T21:52:39 IST" name="setup" finished-at="2023-07-03T21:52:47 IST" duration-ms="8691" status="PASS">
          <reporter-output>
            <line>
              <![CDATA[Trying to start Browser and getting application ready]]>
            </line>
            <line>
              <![CDATA[Browser and application is up and running]]>
            </line>
          </reporter-output>
        </test-method> <!-- setup -->
        <test-method signature="loginApp()[pri:0, instance:com.altos.Test_cases.Test_Create_Job_On_JobPage@50ad3bc1]" started-at="2023-07-03T21:52:47 IST" name="loginApp" finished-at="2023-07-03T21:52:51 IST" duration-ms="3762" status="PASS">
          <reporter-output>
          </reporter-output>
        </test-method> <!-- loginApp -->
        <test-method is-config="true" signature="tearDownMethod(org.testng.ITestResult)[pri:0, instance:com.altos.Test_cases.Test_Create_Job_On_JobPage@50ad3bc1]" started-at="2023-07-03T21:52:51 IST" name="tearDownMethod" finished-at="2023-07-03T21:52:52 IST" duration-ms="958" status="PASS">
          <params>
            <param index="0">
              <value>
                <![CDATA[[TestResult name=loginApp status=SUCCESS method=Test_Create_Job_On_JobPage.loginApp()[pri:0, instance:com.altos.Test_cases.Test_Create_Job_On_JobPage@50ad3bc1] output={null}]]]>
              </value>
            </param>
          </params>
          <reporter-output>
            <line>
              <![CDATA[Test is about to end]]>
            </line>
            <line>
              <![CDATA[Test Completed >>> Reports Generated]]>
            </line>
          </reporter-output>
        </test-method> <!-- tearDownMethod -->
        <test-method signature="Create_job_onJobPage()[pri:0, instance:com.altos.Test_cases.Test_Create_Job_On_JobPage@50ad3bc1]" started-at="2023-07-03T21:52:52 IST" name="Create_job_onJobPage" finished-at="2023-07-03T21:53:32 IST" depends-on-methods="com.altos.Test_cases.Test_Create_Job_On_JobPage.loginApp" duration-ms="39704" status="PASS">
          <reporter-output>
          </reporter-output>
        </test-method> <!-- Create_job_onJobPage -->
        <test-method is-config="true" signature="tearDownMethod(org.testng.ITestResult)[pri:0, instance:com.altos.Test_cases.Test_Create_Job_On_JobPage@50ad3bc1]" started-at="2023-07-03T21:53:32 IST" name="tearDownMethod" finished-at="2023-07-03T21:53:32 IST" duration-ms="455" status="PASS">
          <params>
            <param index="0">
              <value>
                <![CDATA[[TestResult name=Create_job_onJobPage status=SUCCESS method=Test_Create_Job_On_JobPage.Create_job_onJobPage()[pri:0, instance:com.altos.Test_cases.Test_Create_Job_On_JobPage@50ad3bc1] output={null}]]]>
              </value>
            </param>
          </params>
          <reporter-output>
            <line>
              <![CDATA[Test is about to end]]>
            </line>
            <line>
              <![CDATA[Test Completed >>> Reports Generated]]>
            </line>
          </reporter-output>
        </test-method> <!-- tearDownMethod -->
        <test-method is-config="true" signature="tearDown()[pri:0, instance:com.altos.Test_cases.Test_Create_Job_On_JobPage@50ad3bc1]" started-at="2023-07-03T21:53:32 IST" name="tearDown" finished-at="2023-07-03T21:53:33 IST" duration-ms="430" status="PASS">
          <reporter-output>
          </reporter-output>
        </test-method> <!-- tearDown -->
      </class> <!-- com.altos.Test_cases.Test_Create_Job_On_JobPage -->
    </test> <!-- Test -->
  </suite> <!-- Create_Job_On_JobPage -->
  <suite started-at="2023-07-03T21:53:33 IST" name="TestAdd_WorkItem" finished-at="2023-07-03T21:54:27 IST" duration-ms="54619">
    <groups>
    </groups>
    <test started-at="2023-07-03T21:53:33 IST" name="Test" finished-at="2023-07-03T21:54:27 IST" duration-ms="54619">
      <class name="com.altos.Test_cases.TestAdd_WorkItem">
        <test-method is-config="true" signature="setUpSuite()[pri:0, instance:com.altos.Test_cases.TestAdd_WorkItem@156b88f5]" started-at="2023-07-03T21:53:33 IST" name="setUpSuite" finished-at="2023-07-03T21:53:33 IST" duration-ms="60" status="PASS">
          <reporter-output>
            <line>
              <![CDATA[setting up reports and test is getting ready]]>
            </line>
            <line>
              <![CDATA[setting done test can be started]]>
            </line>
          </reporter-output>
        </test-method> <!-- setUpSuite -->
        <test-method is-config="true" signature="setup()[pri:0, instance:com.altos.Test_cases.TestAdd_WorkItem@156b88f5]" started-at="2023-07-03T21:53:33 IST" name="setup" finished-at="2023-07-03T21:53:41 IST" duration-ms="8850" status="PASS">
          <reporter-output>
            <line>
              <![CDATA[Trying to start Browser and getting application ready]]>
            </line>
            <line>
              <![CDATA[Browser and application is up and running]]>
            </line>
          </reporter-output>
        </test-method> <!-- setup -->
        <test-method signature="loginAltos_TL()[pri:0, instance:com.altos.Test_cases.TestAdd_WorkItem@156b88f5]" started-at="2023-07-03T21:53:41 IST" name="loginAltos_TL" finished-at="2023-07-03T21:53:47 IST" duration-ms="5226" status="PASS">
          <reporter-output>
          </reporter-output>
        </test-method> <!-- loginAltos_TL -->
        <test-method is-config="true" signature="tearDownMethod(org.testng.ITestResult)[pri:0, instance:com.altos.Test_cases.TestAdd_WorkItem@156b88f5]" started-at="2023-07-03T21:53:47 IST" name="tearDownMethod" finished-at="2023-07-03T21:53:47 IST" duration-ms="755" status="PASS">
          <params>
            <param index="0">
              <value>
                <![CDATA[[TestResult name=loginAltos_TL status=SUCCESS method=TestAdd_WorkItem.loginAltos_TL()[pri:0, instance:com.altos.Test_cases.TestAdd_WorkItem@156b88f5] output={null}]]]>
              </value>
            </param>
          </params>
          <reporter-output>
            <line>
              <![CDATA[Test is about to end]]>
            </line>
            <line>
              <![CDATA[Test Completed >>> Reports Generated]]>
            </line>
          </reporter-output>
        </test-method> <!-- tearDownMethod -->
        <test-method signature="Add_workItem()[pri:0, instance:com.altos.Test_cases.TestAdd_WorkItem@156b88f5]" started-at="2023-07-03T21:53:47 IST" name="Add_workItem" finished-at="2023-07-03T21:54:26 IST" depends-on-methods="com.altos.Test_cases.TestAdd_WorkItem.loginAltos_TL" duration-ms="38726" status="PASS">
          <reporter-output>
          </reporter-output>
        </test-method> <!-- Add_workItem -->
        <test-method is-config="true" signature="tearDownMethod(org.testng.ITestResult)[pri:0, instance:com.altos.Test_cases.TestAdd_WorkItem@156b88f5]" started-at="2023-07-03T21:54:26 IST" name="tearDownMethod" finished-at="2023-07-03T21:54:27 IST" duration-ms="484" status="PASS">
          <params>
            <param index="0">
              <value>
                <![CDATA[[TestResult name=Add_workItem status=SUCCESS method=TestAdd_WorkItem.Add_workItem()[pri:0, instance:com.altos.Test_cases.TestAdd_WorkItem@156b88f5] output={null}]]]>
              </value>
            </param>
          </params>
          <reporter-output>
            <line>
              <![CDATA[Test is about to end]]>
            </line>
            <line>
              <![CDATA[Test Completed >>> Reports Generated]]>
            </line>
          </reporter-output>
        </test-method> <!-- tearDownMethod -->
        <test-method is-config="true" signature="tearDown()[pri:0, instance:com.altos.Test_cases.TestAdd_WorkItem@156b88f5]" started-at="2023-07-03T21:54:27 IST" name="tearDown" finished-at="2023-07-03T21:54:27 IST" duration-ms="574" status="PASS">
          <reporter-output>
          </reporter-output>
        </test-method> <!-- tearDown -->
      </class> <!-- com.altos.Test_cases.TestAdd_WorkItem -->
    </test> <!-- Test -->
  </suite> <!-- TestAdd_WorkItem -->
  <suite started-at="2023-07-03T21:59:42 IST" name="Ready_To_Billing" finished-at="2023-07-03T22:00:44 IST" duration-ms="62013">
    <groups>
    </groups>
    <test started-at="2023-07-03T21:59:42 IST" name="Test" finished-at="2023-07-03T22:00:44 IST" duration-ms="62013">
      <class name="com.altos.Test_cases.Test_Ready_To_Billing">
        <test-method is-config="true" signature="setUpSuite()[pri:0, instance:com.altos.Test_cases.Test_Ready_To_Billing@6fd83fc1]" started-at="2023-07-03T21:59:42 IST" name="setUpSuite" finished-at="2023-07-03T21:59:42 IST" duration-ms="28" status="PASS">
          <reporter-output>
            <line>
              <![CDATA[setting up reports and test is getting ready]]>
            </line>
            <line>
              <![CDATA[setting done test can be started]]>
            </line>
          </reporter-output>
        </test-method> <!-- setUpSuite -->
        <test-method is-config="true" signature="setup()[pri:0, instance:com.altos.Test_cases.Test_Ready_To_Billing@6fd83fc1]" started-at="2023-07-03T21:59:42 IST" name="setup" finished-at="2023-07-03T21:59:51 IST" duration-ms="8920" status="PASS">
          <reporter-output>
            <line>
              <![CDATA[Trying to start Browser and getting application ready]]>
            </line>
            <line>
              <![CDATA[Browser and application is up and running]]>
            </line>
          </reporter-output>
        </test-method> <!-- setup -->
        <test-method signature="Ready_For_Billing()[pri:0, instance:com.altos.Test_cases.Test_Ready_To_Billing@6fd83fc1]" started-at="2023-07-03T21:59:51 IST" name="Ready_For_Billing" finished-at="2023-07-03T22:00:43 IST" duration-ms="51808" status="FAIL">
          <exception class="org.openqa.selenium.NoSuchElementException">
            <message>
              <![CDATA[no such element: Unable to locate element: {"method":"xpath","selector":"(//mat-icon[@role='img'][normalize-space()='done_outline'])[1]"}
  (Session info: chrome=114.0.5735.199)
For documentation on this error, please visit: http://seleniumhq.org/exceptions/no_such_element.html
Build info: version: '3.141.0', revision: '2ecb7d9a', time: '2018-10-31T20:09:30'
System info: host: 'SHIVANAND-JADHA', ip: '192.168.0.103', os.name: 'Windows 10', os.arch: 'amd64', os.version: '10.0', java.version: '11.0.17'
Driver info: org.openqa.selenium.chrome.ChromeDriver
Capabilities {acceptInsecureCerts: false, browserName: chrome, browserVersion: 114.0.5735.199, chrome: {chromedriverVersion: 114.0.5735.90 (386bc09e8f4f..., userDataDir: C:\Users\HP\AppData\Local\T...}, goog:chromeOptions: {debuggerAddress: localhost:57438}, javascriptEnabled: true, networkConnectionEnabled: false, pageLoadStrategy: normal, platform: WINDOWS, platformName: WINDOWS, proxy: Proxy(), setWindowRect: true, strictFileInteractability: false, timeouts: {implicit: 0, pageLoad: 300000, script: 30000}, unhandledPromptBehavior: dismiss and notify, webauthn:extension:credBlob: true, webauthn:extension:largeBlob: true, webauthn:extension:minPinLength: true, webauthn:extension:prf: true, webauthn:virtualAuthenticators: true}
Session ID: e1c26762e7006ce1da7ed96f62060935
*** Element info: {Using=xpath, value=(//mat-icon[@role='img'][normalize-space()='done_outline'])[1]}]]>
            </message>
            <full-stacktrace>
              <![CDATA[org.openqa.selenium.NoSuchElementException: no such element: Unable to locate element: {"method":"xpath","selector":"(//mat-icon[@role='img'][normalize-space()='done_outline'])[1]"}
  (Session info: chrome=114.0.5735.199)
For documentation on this error, please visit: http://seleniumhq.org/exceptions/no_such_element.html
Build info: version: '3.141.0', revision: '2ecb7d9a', time: '2018-10-31T20:09:30'
System info: host: 'SHIVANAND-JADHA', ip: '192.168.0.103', os.name: 'Windows 10', os.arch: 'amd64', os.version: '10.0', java.version: '11.0.17'
Driver info: org.openqa.selenium.chrome.ChromeDriver
Capabilities {acceptInsecureCerts: false, browserName: chrome, browserVersion: 114.0.5735.199, chrome: {chromedriverVersion: 114.0.5735.90 (386bc09e8f4f..., userDataDir: C:\Users\HP\AppData\Local\T...}, goog:chromeOptions: {debuggerAddress: localhost:57438}, javascriptEnabled: true, networkConnectionEnabled: false, pageLoadStrategy: normal, platform: WINDOWS, platformName: WINDOWS, proxy: Proxy(), setWindowRect: true, strictFileInteractability: false, timeouts: {implicit: 0, pageLoad: 300000, script: 30000}, unhandledPromptBehavior: dismiss and notify, webauthn:extension:credBlob: true, webauthn:extension:largeBlob: true, webauthn:extension:minPinLength: true, webauthn:extension:prf: true, webauthn:virtualAuthenticators: true}
Session ID: e1c26762e7006ce1da7ed96f62060935
*** Element info: {Using=xpath, value=(//mat-icon[@role='img'][normalize-space()='done_outline'])[1]}
at java.base/jdk.internal.reflect.NativeConstructorAccessorImpl.newInstance0(Native Method)
at java.base/jdk.internal.reflect.NativeConstructorAccessorImpl.newInstance(NativeConstructorAccessorImpl.java:62)
at java.base/jdk.internal.reflect.DelegatingConstructorAccessorImpl.newInstance(DelegatingConstructorAccessorImpl.java:45)
at java.base/java.lang.reflect.Constructor.newInstance(Constructor.java:490)
at org.openqa.selenium.remote.http.W3CHttpResponseCodec.createException(W3CHttpResponseCodec.java:187)
at org.openqa.selenium.remote.http.W3CHttpResponseCodec.decode(W3CHttpResponseCodec.java:122)
at org.openqa.selenium.remote.http.W3CHttpResponseCodec.decode(W3CHttpResponseCodec.java:49)
at org.openqa.selenium.remote.HttpCommandExecutor.execute(HttpCommandExecutor.java:158)
at org.openqa.selenium.remote.service.DriverCommandExecutor.execute(DriverCommandExecutor.java:83)
at org.openqa.selenium.remote.RemoteWebDriver.execute(RemoteWebDriver.java:552)
at org.openqa.selenium.remote.RemoteWebDriver.findElement(RemoteWebDriver.java:323)
at org.openqa.selenium.remote.RemoteWebDriver.findElementByXPath(RemoteWebDriver.java:428)
at org.openqa.selenium.By$ByXPath.findElement(By.java:353)
at org.openqa.selenium.remote.RemoteWebDriver.findElement(RemoteWebDriver.java:315)
at org.openqa.selenium.support.pagefactory.DefaultElementLocator.findElement(DefaultElementLocator.java:69)
at org.openqa.selenium.support.pagefactory.internal.LocatingElementHandler.invoke(LocatingElementHandler.java:38)
at com.sun.proxy.$Proxy11.click(Unknown Source)
at com.altos.Page_opject.LogingTL_page.Ready_For_Billing(LogingTL_page.java:264)
at com.altos.Test_cases.Test_Ready_To_Billing.Ready_For_Billing(Test_Ready_To_Billing.java:27)
at java.base/jdk.internal.reflect.NativeMethodAccessorImpl.invoke0(Native Method)
at java.base/jdk.internal.reflect.NativeMethodAccessorImpl.invoke(NativeMethodAccessorImpl.java:62)
at java.base/jdk.internal.reflect.DelegatingMethodAccessorImpl.invoke(DelegatingMethodAccessorImpl.java:43)
at java.base/java.lang.reflect.Method.invoke(Method.java:566)
at org.testng.internal.MethodInvocationHelper.invokeMethod(MethodInvocationHelper.java:133)
at org.testng.internal.TestInvoker.invokeMethod(TestInvoker.java:598)
at org.testng.internal.TestInvoker.invokeTestMethod(TestInvoker.java:173)
at org.testng.internal.MethodRunner.runInSequence(MethodRunner.java:46)
at org.testng.internal.TestInvoker$MethodInvocationAgent.invoke(TestInvoker.java:824)
at org.testng.internal.TestInvoker.invokeTestMethods(TestInvoker.java:146)
at org.testng.internal.TestMethodWorker.invokeTestMethods(TestMethodWorker.java:146)
at org.testng.internal.TestMethodWorker.run(TestMethodWorker.java:128)
at java.base/java.util.ArrayList.forEach(ArrayList.java:1541)
at org.testng.TestRunner.privateRun(TestRunner.java:794)
at org.testng.TestRunner.run(TestRunner.java:596)
at org.testng.SuiteRunner.runTest(SuiteRunner.java:377)
at org.testng.SuiteRunner.runSequentially(SuiteRunner.java:371)
at org.testng.SuiteRunner.privateRun(SuiteRunner.java:332)
at org.testng.SuiteRunner.run(SuiteRunner.java:276)
at org.testng.SuiteRunnerWorker.runSuite(SuiteRunnerWorker.java:53)
at org.testng.SuiteRunnerWorker.run(SuiteRunnerWorker.java:96)
at org.testng.TestNG.runSuitesSequentially(TestNG.java:1212)
at org.testng.TestNG.runSuitesSequentially(TestNG.java:1207)
at org.testng.TestNG.runSuitesLocally(TestNG.java:1134)
at org.testng.TestNG.runSuites(TestNG.java:1063)
at org.testng.TestNG.run(TestNG.java:1031)
at org.apache.maven.surefire.testng.TestNGExecutor.run(TestNGExecutor.java:308)
at org.apache.maven.surefire.testng.TestNGXmlTestSuite.execute(TestNGXmlTestSuite.java:71)
at org.apache.maven.surefire.testng.TestNGProvider.invoke(TestNGProvider.java:113)
at org.apache.maven.surefire.booter.ForkedBooter.runSuitesInProcess(ForkedBooter.java:385)
at org.apache.maven.surefire.booter.ForkedBooter.execute(ForkedBooter.java:162)
at org.apache.maven.surefire.booter.ForkedBooter.run(ForkedBooter.java:507)
at org.apache.maven.surefire.booter.ForkedBooter.main(ForkedBooter.java:495)
]]>
            </full-stacktrace>
          </exception> <!-- org.openqa.selenium.NoSuchElementException -->
          <reporter-output>
          </reporter-output>
        </test-method> <!-- Ready_For_Billing -->
        <test-method is-config="true" signature="tearDownMethod(org.testng.ITestResult)[pri:0, instance:com.altos.Test_cases.Test_Ready_To_Billing@6fd83fc1]" started-at="2023-07-03T22:00:43 IST" name="tearDownMethod" finished-at="2023-07-03T22:00:43 IST" duration-ms="471" status="PASS">
          <params>
            <param index="0">
              <value>
                <![CDATA[[TestResult name=Ready_For_Billing status=FAILURE method=Test_Ready_To_Billing.Ready_For_Billing()[pri:0, instance:com.altos.Test_cases.Test_Ready_To_Billing@6fd83fc1] output={null}]]]>
              </value>
            </param>
          </params>
          <reporter-output>
            <line>
              <![CDATA[Test is about to end]]>
            </line>
            <line>
              <![CDATA[Test Completed >>> Reports Generated]]>
            </line>
          </reporter-output>
        </test-method> <!-- tearDownMethod -->
        <test-method is-config="true" signature="tearDown()[pri:0, instance:com.altos.Test_cases.Test_Ready_To_Billing@6fd83fc1]" started-at="2023-07-03T22:00:43 IST" name="tearDown" finished-at="2023-07-03T22:00:44 IST" duration-ms="810" status="PASS">
          <reporter-output>
          </reporter-output>
        </test-method> <!-- tearDown -->
      </class> <!-- com.altos.Test_cases.Test_Ready_To_Billing -->
    </test> <!-- Test -->
  </suite> <!-- Ready_To_Billing -->
  <suite started-at="2023-07-03T21:58:51 IST" name="CompleteTask_QC" finished-at="2023-07-03T21:59:42 IST" duration-ms="50945">
    <groups>
    </groups>
    <test started-at="2023-07-03T21:58:51 IST" name="Test" finished-at="2023-07-03T21:59:42 IST" duration-ms="50945">
      <class name="com.altos.Test_cases.Test_CompleteTask_QC">
        <test-method is-config="true" signature="setUpSuite()[pri:0, instance:com.altos.Test_cases.Test_CompleteTask_QC@5ba3f27a]" started-at="2023-07-03T21:58:51 IST" name="setUpSuite" finished-at="2023-07-03T21:58:51 IST" duration-ms="69" status="PASS">
          <reporter-output>
            <line>
              <![CDATA[setting up reports and test is getting ready]]>
            </line>
            <line>
              <![CDATA[setting done test can be started]]>
            </line>
          </reporter-output>
        </test-method> <!-- setUpSuite -->
        <test-method is-config="true" signature="setup()[pri:0, instance:com.altos.Test_cases.Test_CompleteTask_QC@5ba3f27a]" started-at="2023-07-03T21:58:51 IST" name="setup" finished-at="2023-07-03T21:59:03 IST" duration-ms="11486" status="PASS">
          <reporter-output>
            <line>
              <![CDATA[Trying to start Browser and getting application ready]]>
            </line>
            <line>
              <![CDATA[Browser and application is up and running]]>
            </line>
          </reporter-output>
        </test-method> <!-- setup -->
        <test-method signature="Complete_MT_Task()[pri:0, instance:com.altos.Test_cases.Test_CompleteTask_QC@5ba3f27a]" started-at="2023-07-03T21:59:03 IST" name="Complete_MT_Task" finished-at="2023-07-03T21:59:41 IST" duration-ms="38101" status="FAIL">
          <exception class="org.openqa.selenium.NoSuchElementException">
            <message>
              <![CDATA[no such element: Unable to locate element: {"method":"xpath","selector":"//a[normalize-space()='Assign to me']"}
  (Session info: chrome=114.0.5735.199)
For documentation on this error, please visit: http://seleniumhq.org/exceptions/no_such_element.html
Build info: version: '3.141.0', revision: '2ecb7d9a', time: '2018-10-31T20:09:30'
System info: host: 'SHIVANAND-JADHA', ip: '192.168.0.103', os.name: 'Windows 10', os.arch: 'amd64', os.version: '10.0', java.version: '11.0.17'
Driver info: org.openqa.selenium.chrome.ChromeDriver
Capabilities {acceptInsecureCerts: false, browserName: chrome, browserVersion: 114.0.5735.199, chrome: {chromedriverVersion: 114.0.5735.90 (386bc09e8f4f..., userDataDir: C:\Users\HP\AppData\Local\T...}, goog:chromeOptions: {debuggerAddress: localhost:57384}, javascriptEnabled: true, networkConnectionEnabled: false, pageLoadStrategy: normal, platform: WINDOWS, platformName: WINDOWS, proxy: Proxy(), setWindowRect: true, strictFileInteractability: false, timeouts: {implicit: 0, pageLoad: 300000, script: 30000}, unhandledPromptBehavior: dismiss and notify, webauthn:extension:credBlob: true, webauthn:extension:largeBlob: true, webauthn:extension:minPinLength: true, webauthn:extension:prf: true, webauthn:virtualAuthenticators: true}
Session ID: aa7baa4bbba9d3d0f67aee7214258e2d
*** Element info: {Using=xpath, value=//a[normalize-space()='Assign to me']}]]>
            </message>
            <full-stacktrace>
              <![CDATA[org.openqa.selenium.NoSuchElementException: no such element: Unable to locate element: {"method":"xpath","selector":"//a[normalize-space()='Assign to me']"}
  (Session info: chrome=114.0.5735.199)
For documentation on this error, please visit: http://seleniumhq.org/exceptions/no_such_element.html
Build info: version: '3.141.0', revision: '2ecb7d9a', time: '2018-10-31T20:09:30'
System info: host: 'SHIVANAND-JADHA', ip: '192.168.0.103', os.name: 'Windows 10', os.arch: 'amd64', os.version: '10.0', java.version: '11.0.17'
Driver info: org.openqa.selenium.chrome.ChromeDriver
Capabilities {acceptInsecureCerts: false, browserName: chrome, browserVersion: 114.0.5735.199, chrome: {chromedriverVersion: 114.0.5735.90 (386bc09e8f4f..., userDataDir: C:\Users\HP\AppData\Local\T...}, goog:chromeOptions: {debuggerAddress: localhost:57384}, javascriptEnabled: true, networkConnectionEnabled: false, pageLoadStrategy: normal, platform: WINDOWS, platformName: WINDOWS, proxy: Proxy(), setWindowRect: true, strictFileInteractability: false, timeouts: {implicit: 0, pageLoad: 300000, script: 30000}, unhandledPromptBehavior: dismiss and notify, webauthn:extension:credBlob: true, webauthn:extension:largeBlob: true, webauthn:extension:minPinLength: true, webauthn:extension:prf: true, webauthn:virtualAuthenticators: true}
Session ID: aa7baa4bbba9d3d0f67aee7214258e2d
*** Element info: {Using=xpath, value=//a[normalize-space()='Assign to me']}
at java.base/jdk.internal.reflect.NativeConstructorAccessorImpl.newInstance0(Native Method)
at java.base/jdk.internal.reflect.NativeConstructorAccessorImpl.newInstance(NativeConstructorAccessorImpl.java:62)
at java.base/jdk.internal.reflect.DelegatingConstructorAccessorImpl.newInstance(DelegatingConstructorAccessorImpl.java:45)
at java.base/java.lang.reflect.Constructor.newInstance(Constructor.java:490)
at org.openqa.selenium.remote.http.W3CHttpResponseCodec.createException(W3CHttpResponseCodec.java:187)
at org.openqa.selenium.remote.http.W3CHttpResponseCodec.decode(W3CHttpResponseCodec.java:122)
at org.openqa.selenium.remote.http.W3CHttpResponseCodec.decode(W3CHttpResponseCodec.java:49)
at org.openqa.selenium.remote.HttpCommandExecutor.execute(HttpCommandExecutor.java:158)
at org.openqa.selenium.remote.service.DriverCommandExecutor.execute(DriverCommandExecutor.java:83)
at org.openqa.selenium.remote.RemoteWebDriver.execute(RemoteWebDriver.java:552)
at org.openqa.selenium.remote.RemoteWebDriver.findElement(RemoteWebDriver.java:323)
at org.openqa.selenium.remote.RemoteWebDriver.findElementByXPath(RemoteWebDriver.java:428)
at org.openqa.selenium.By$ByXPath.findElement(By.java:353)
at org.openqa.selenium.remote.RemoteWebDriver.findElement(RemoteWebDriver.java:315)
at org.openqa.selenium.support.pagefactory.DefaultElementLocator.findElement(DefaultElementLocator.java:69)
at org.openqa.selenium.support.pagefactory.internal.LocatingElementHandler.invoke(LocatingElementHandler.java:38)
at com.sun.proxy.$Proxy11.click(Unknown Source)
at com.altos.Page_opject.LogingQC_Page.Complete_QC_Task(LogingQC_Page.java:88)
at com.altos.Test_cases.Test_CompleteTask_QC.Complete_MT_Task(Test_CompleteTask_QC.java:20)
at java.base/jdk.internal.reflect.NativeMethodAccessorImpl.invoke0(Native Method)
at java.base/jdk.internal.reflect.NativeMethodAccessorImpl.invoke(NativeMethodAccessorImpl.java:62)
at java.base/jdk.internal.reflect.DelegatingMethodAccessorImpl.invoke(DelegatingMethodAccessorImpl.java:43)
at java.base/java.lang.reflect.Method.invoke(Method.java:566)
at org.testng.internal.MethodInvocationHelper.invokeMethod(MethodInvocationHelper.java:133)
at org.testng.internal.TestInvoker.invokeMethod(TestInvoker.java:598)
at org.testng.internal.TestInvoker.invokeTestMethod(TestInvoker.java:173)
at org.testng.internal.MethodRunner.runInSequence(MethodRunner.java:46)
at org.testng.internal.TestInvoker$MethodInvocationAgent.invoke(TestInvoker.java:824)
at org.testng.internal.TestInvoker.invokeTestMethods(TestInvoker.java:146)
at org.testng.internal.TestMethodWorker.invokeTestMethods(TestMethodWorker.java:146)
at org.testng.internal.TestMethodWorker.run(TestMethodWorker.java:128)
at java.base/java.util.ArrayList.forEach(ArrayList.java:1541)
at org.testng.TestRunner.privateRun(TestRunner.java:794)
at org.testng.TestRunner.run(TestRunner.java:596)
at org.testng.SuiteRunner.runTest(SuiteRunner.java:377)
at org.testng.SuiteRunner.runSequentially(SuiteRunner.java:371)
at org.testng.SuiteRunner.privateRun(SuiteRunner.java:332)
at org.testng.SuiteRunner.run(SuiteRunner.java:276)
at org.testng.SuiteRunnerWorker.runSuite(SuiteRunnerWorker.java:53)
at org.testng.SuiteRunnerWorker.run(SuiteRunnerWorker.java:96)
at org.testng.TestNG.runSuitesSequentially(TestNG.java:1212)
at org.testng.TestNG.runSuitesSequentially(TestNG.java:1207)
at org.testng.TestNG.runSuitesLocally(TestNG.java:1134)
at org.testng.TestNG.runSuites(TestNG.java:1063)
at org.testng.TestNG.run(TestNG.java:1031)
at org.apache.maven.surefire.testng.TestNGExecutor.run(TestNGExecutor.java:308)
at org.apache.maven.surefire.testng.TestNGXmlTestSuite.execute(TestNGXmlTestSuite.java:71)
at org.apache.maven.surefire.testng.TestNGProvider.invoke(TestNGProvider.java:113)
at org.apache.maven.surefire.booter.ForkedBooter.runSuitesInProcess(ForkedBooter.java:385)
at org.apache.maven.surefire.booter.ForkedBooter.execute(ForkedBooter.java:162)
at org.apache.maven.surefire.booter.ForkedBooter.run(ForkedBooter.java:507)
at org.apache.maven.surefire.booter.ForkedBooter.main(ForkedBooter.java:495)
]]>
            </full-stacktrace>
          </exception> <!-- org.openqa.selenium.NoSuchElementException -->
          <reporter-output>
          </reporter-output>
        </test-method> <!-- Complete_MT_Task -->
        <test-method is-config="true" signature="tearDownMethod(org.testng.ITestResult)[pri:0, instance:com.altos.Test_cases.Test_CompleteTask_QC@5ba3f27a]" started-at="2023-07-03T21:59:41 IST" name="tearDownMethod" finished-at="2023-07-03T21:59:41 IST" duration-ms="690" status="PASS">
          <params>
            <param index="0">
              <value>
                <![CDATA[[TestResult name=Complete_MT_Task status=FAILURE method=Test_CompleteTask_QC.Complete_MT_Task()[pri:0, instance:com.altos.Test_cases.Test_CompleteTask_QC@5ba3f27a] output={null}]]]>
              </value>
            </param>
          </params>
          <reporter-output>
            <line>
              <![CDATA[Test is about to end]]>
            </line>
            <line>
              <![CDATA[Test Completed >>> Reports Generated]]>
            </line>
          </reporter-output>
        </test-method> <!-- tearDownMethod -->
        <test-method is-config="true" signature="tearDown()[pri:0, instance:com.altos.Test_cases.Test_CompleteTask_QC@5ba3f27a]" started-at="2023-07-03T21:59:41 IST" name="tearDown" finished-at="2023-07-03T21:59:42 IST" duration-ms="665" status="PASS">
          <reporter-output>
          </reporter-output>
        </test-method> <!-- tearDown -->
      </class> <!-- com.altos.Test_cases.Test_CompleteTask_QC -->
    </test> <!-- Test -->
  </suite> <!-- CompleteTask_QC -->
  <suite started-at="2023-07-03T22:00:45 IST" name="Jobcomplete" finished-at="2023-07-03T22:00:45 IST" duration-ms="0">
    <groups>
    </groups>
  </suite> <!-- Jobcomplete -->
  <suite started-at="2023-07-03T21:58:02 IST" name="CompleteTask_QA" finished-at="2023-07-03T21:58:51 IST" duration-ms="48646">
    <groups>
    </groups>
    <test started-at="2023-07-03T21:58:02 IST" name="Test" finished-at="2023-07-03T21:58:51 IST" duration-ms="48646">
      <class name="com.altos.Test_cases.Test_CompleteTask_QA">
        <test-method is-config="true" signature="setUpSuite()[pri:0, instance:com.altos.Test_cases.Test_CompleteTask_QA@25fb8912]" started-at="2023-07-03T21:58:02 IST" name="setUpSuite" finished-at="2023-07-03T21:58:02 IST" duration-ms="40" status="PASS">
          <reporter-output>
            <line>
              <![CDATA[setting up reports and test is getting ready]]>
            </line>
            <line>
              <![CDATA[setting done test can be started]]>
            </line>
          </reporter-output>
        </test-method> <!-- setUpSuite -->
        <test-method is-config="true" signature="setup()[pri:0, instance:com.altos.Test_cases.Test_CompleteTask_QA@25fb8912]" started-at="2023-07-03T21:58:02 IST" name="setup" finished-at="2023-07-03T21:58:11 IST" duration-ms="8322" status="PASS">
          <reporter-output>
            <line>
              <![CDATA[Trying to start Browser and getting application ready]]>
            </line>
            <line>
              <![CDATA[Browser and application is up and running]]>
            </line>
          </reporter-output>
        </test-method> <!-- setup -->
        <test-method signature="Complete_QA_Task()[pri:0, instance:com.altos.Test_cases.Test_CompleteTask_QA@25fb8912]" started-at="2023-07-03T21:58:11 IST" name="Complete_QA_Task" finished-at="2023-07-03T21:58:50 IST" duration-ms="39219" status="FAIL">
          <exception class="org.openqa.selenium.NoSuchElementException">
            <message>
              <![CDATA[no such element: Unable to locate element: {"method":"xpath","selector":"//a[normalize-space()='Assign to me']"}
  (Session info: chrome=114.0.5735.199)
For documentation on this error, please visit: http://seleniumhq.org/exceptions/no_such_element.html
Build info: version: '3.141.0', revision: '2ecb7d9a', time: '2018-10-31T20:09:30'
System info: host: 'SHIVANAND-JADHA', ip: '192.168.0.103', os.name: 'Windows 10', os.arch: 'amd64', os.version: '10.0', java.version: '11.0.17'
Driver info: org.openqa.selenium.chrome.ChromeDriver
Capabilities {acceptInsecureCerts: false, browserName: chrome, browserVersion: 114.0.5735.199, chrome: {chromedriverVersion: 114.0.5735.90 (386bc09e8f4f..., userDataDir: C:\Users\HP\AppData\Local\T...}, goog:chromeOptions: {debuggerAddress: localhost:57330}, javascriptEnabled: true, networkConnectionEnabled: false, pageLoadStrategy: normal, platform: WINDOWS, platformName: WINDOWS, proxy: Proxy(), setWindowRect: true, strictFileInteractability: false, timeouts: {implicit: 0, pageLoad: 300000, script: 30000}, unhandledPromptBehavior: dismiss and notify, webauthn:extension:credBlob: true, webauthn:extension:largeBlob: true, webauthn:extension:minPinLength: true, webauthn:extension:prf: true, webauthn:virtualAuthenticators: true}
Session ID: 0c01830f1107396e02a6fe61bed58d3f
*** Element info: {Using=xpath, value=//a[normalize-space()='Assign to me']}]]>
            </message>
            <full-stacktrace>
              <![CDATA[org.openqa.selenium.NoSuchElementException: no such element: Unable to locate element: {"method":"xpath","selector":"//a[normalize-space()='Assign to me']"}
  (Session info: chrome=114.0.5735.199)
For documentation on this error, please visit: http://seleniumhq.org/exceptions/no_such_element.html
Build info: version: '3.141.0', revision: '2ecb7d9a', time: '2018-10-31T20:09:30'
System info: host: 'SHIVANAND-JADHA', ip: '192.168.0.103', os.name: 'Windows 10', os.arch: 'amd64', os.version: '10.0', java.version: '11.0.17'
Driver info: org.openqa.selenium.chrome.ChromeDriver
Capabilities {acceptInsecureCerts: false, browserName: chrome, browserVersion: 114.0.5735.199, chrome: {chromedriverVersion: 114.0.5735.90 (386bc09e8f4f..., userDataDir: C:\Users\HP\AppData\Local\T...}, goog:chromeOptions: {debuggerAddress: localhost:57330}, javascriptEnabled: true, networkConnectionEnabled: false, pageLoadStrategy: normal, platform: WINDOWS, platformName: WINDOWS, proxy: Proxy(), setWindowRect: true, strictFileInteractability: false, timeouts: {implicit: 0, pageLoad: 300000, script: 30000}, unhandledPromptBehavior: dismiss and notify, webauthn:extension:credBlob: true, webauthn:extension:largeBlob: true, webauthn:extension:minPinLength: true, webauthn:extension:prf: true, webauthn:virtualAuthenticators: true}
Session ID: 0c01830f1107396e02a6fe61bed58d3f
*** Element info: {Using=xpath, value=//a[normalize-space()='Assign to me']}
at java.base/jdk.internal.reflect.NativeConstructorAccessorImpl.newInstance0(Native Method)
at java.base/jdk.internal.reflect.NativeConstructorAccessorImpl.newInstance(NativeConstructorAccessorImpl.java:62)
at java.base/jdk.internal.reflect.DelegatingConstructorAccessorImpl.newInstance(DelegatingConstructorAccessorImpl.java:45)
at java.base/java.lang.reflect.Constructor.newInstance(Constructor.java:490)
at org.openqa.selenium.remote.http.W3CHttpResponseCodec.createException(W3CHttpResponseCodec.java:187)
at org.openqa.selenium.remote.http.W3CHttpResponseCodec.decode(W3CHttpResponseCodec.java:122)
at org.openqa.selenium.remote.http.W3CHttpResponseCodec.decode(W3CHttpResponseCodec.java:49)
at org.openqa.selenium.remote.HttpCommandExecutor.execute(HttpCommandExecutor.java:158)
at org.openqa.selenium.remote.service.DriverCommandExecutor.execute(DriverCommandExecutor.java:83)
at org.openqa.selenium.remote.RemoteWebDriver.execute(RemoteWebDriver.java:552)
at org.openqa.selenium.remote.RemoteWebDriver.findElement(RemoteWebDriver.java:323)
at org.openqa.selenium.remote.RemoteWebDriver.findElementByXPath(RemoteWebDriver.java:428)
at org.openqa.selenium.By$ByXPath.findElement(By.java:353)
at org.openqa.selenium.remote.RemoteWebDriver.findElement(RemoteWebDriver.java:315)
at org.openqa.selenium.support.pagefactory.DefaultElementLocator.findElement(DefaultElementLocator.java:69)
at org.openqa.selenium.support.pagefactory.internal.LocatingElementHandler.invoke(LocatingElementHandler.java:38)
at com.sun.proxy.$Proxy11.click(Unknown Source)
at com.altos.Page_opject.LogingQA_page.Complete_QA_Task(LogingQA_page.java:89)
at com.altos.Test_cases.Test_CompleteTask_QA.Complete_QA_Task(Test_CompleteTask_QA.java:19)
at java.base/jdk.internal.reflect.NativeMethodAccessorImpl.invoke0(Native Method)
at java.base/jdk.internal.reflect.NativeMethodAccessorImpl.invoke(NativeMethodAccessorImpl.java:62)
at java.base/jdk.internal.reflect.DelegatingMethodAccessorImpl.invoke(DelegatingMethodAccessorImpl.java:43)
at java.base/java.lang.reflect.Method.invoke(Method.java:566)
at org.testng.internal.MethodInvocationHelper.invokeMethod(MethodInvocationHelper.java:133)
at org.testng.internal.TestInvoker.invokeMethod(TestInvoker.java:598)
at org.testng.internal.TestInvoker.invokeTestMethod(TestInvoker.java:173)
at org.testng.internal.MethodRunner.runInSequence(MethodRunner.java:46)
at org.testng.internal.TestInvoker$MethodInvocationAgent.invoke(TestInvoker.java:824)
at org.testng.internal.TestInvoker.invokeTestMethods(TestInvoker.java:146)
at org.testng.internal.TestMethodWorker.invokeTestMethods(TestMethodWorker.java:146)
at org.testng.internal.TestMethodWorker.run(TestMethodWorker.java:128)
at java.base/java.util.ArrayList.forEach(ArrayList.java:1541)
at org.testng.TestRunner.privateRun(TestRunner.java:794)
at org.testng.TestRunner.run(TestRunner.java:596)
at org.testng.SuiteRunner.runTest(SuiteRunner.java:377)
at org.testng.SuiteRunner.runSequentially(SuiteRunner.java:371)
at org.testng.SuiteRunner.privateRun(SuiteRunner.java:332)
at org.testng.SuiteRunner.run(SuiteRunner.java:276)
at org.testng.SuiteRunnerWorker.runSuite(SuiteRunnerWorker.java:53)
at org.testng.SuiteRunnerWorker.run(SuiteRunnerWorker.java:96)
at org.testng.TestNG.runSuitesSequentially(TestNG.java:1212)
at org.testng.TestNG.runSuitesSequentially(TestNG.java:1207)
at org.testng.TestNG.runSuitesLocally(TestNG.java:1134)
at org.testng.TestNG.runSuites(TestNG.java:1063)
at org.testng.TestNG.run(TestNG.java:1031)
at org.apache.maven.surefire.testng.TestNGExecutor.run(TestNGExecutor.java:308)
at org.apache.maven.surefire.testng.TestNGXmlTestSuite.execute(TestNGXmlTestSuite.java:71)
at org.apache.maven.surefire.testng.TestNGProvider.invoke(TestNGProvider.java:113)
at org.apache.maven.surefire.booter.ForkedBooter.runSuitesInProcess(ForkedBooter.java:385)
at org.apache.maven.surefire.booter.ForkedBooter.execute(ForkedBooter.java:162)
at org.apache.maven.surefire.booter.ForkedBooter.run(ForkedBooter.java:507)
at org.apache.maven.surefire.booter.ForkedBooter.main(ForkedBooter.java:495)
]]>
            </full-stacktrace>
          </exception> <!-- org.openqa.selenium.NoSuchElementException -->
          <reporter-output>
          </reporter-output>
        </test-method> <!-- Complete_QA_Task -->
        <test-method is-config="true" signature="tearDownMethod(org.testng.ITestResult)[pri:0, instance:com.altos.Test_cases.Test_CompleteTask_QA@25fb8912]" started-at="2023-07-03T21:58:50 IST" name="tearDownMethod" finished-at="2023-07-03T21:58:51 IST" duration-ms="540" status="PASS">
          <params>
            <param index="0">
              <value>
                <![CDATA[[TestResult name=Complete_QA_Task status=FAILURE method=Test_CompleteTask_QA.Complete_QA_Task()[pri:0, instance:com.altos.Test_cases.Test_CompleteTask_QA@25fb8912] output={null}]]]>
              </value>
            </param>
          </params>
          <reporter-output>
            <line>
              <![CDATA[Test is about to end]]>
            </line>
            <line>
              <![CDATA[Test Completed >>> Reports Generated]]>
            </line>
          </reporter-output>
        </test-method> <!-- tearDownMethod -->
        <test-method is-config="true" signature="tearDown()[pri:0, instance:com.altos.Test_cases.Test_CompleteTask_QA@25fb8912]" started-at="2023-07-03T21:58:51 IST" name="tearDown" finished-at="2023-07-03T21:58:51 IST" duration-ms="560" status="PASS">
          <reporter-output>
          </reporter-output>
        </test-method> <!-- tearDown -->
      </class> <!-- com.altos.Test_cases.Test_CompleteTask_QA -->
    </test> <!-- Test -->
  </suite> <!-- CompleteTask_QA -->
  <suite started-at="2023-07-03T21:55:52 IST" name="Create Task Sorter" finished-at="2023-07-03T21:56:36 IST" duration-ms="44718">
    <groups>
    </groups>
    <test started-at="2023-07-03T21:55:52 IST" name="Test" finished-at="2023-07-03T21:56:36 IST" duration-ms="44718">
      <class name="com.altos.Test_cases.Test_CreateTask_Sorter">
        <test-method is-config="true" signature="setUpSuite()[pri:0, instance:com.altos.Test_cases.Test_CreateTask_Sorter@73e22a3d]" started-at="2023-07-03T21:55:51 IST" name="setUpSuite" finished-at="2023-07-03T21:55:52 IST" duration-ms="60" status="PASS">
          <reporter-output>
            <line>
              <![CDATA[setting up reports and test is getting ready]]>
            </line>
            <line>
              <![CDATA[setting done test can be started]]>
            </line>
          </reporter-output>
        </test-method> <!-- setUpSuite -->
        <test-method is-config="true" signature="setup()[pri:0, instance:com.altos.Test_cases.Test_CreateTask_Sorter@73e22a3d]" started-at="2023-07-03T21:55:52 IST" name="setup" finished-at="2023-07-03T21:56:00 IST" duration-ms="8867" status="PASS">
          <reporter-output>
            <line>
              <![CDATA[Trying to start Browser and getting application ready]]>
            </line>
            <line>
              <![CDATA[Browser and application is up and running]]>
            </line>
          </reporter-output>
        </test-method> <!-- setup -->
        <test-method signature="CreatTask_Sorter()[pri:0, instance:com.altos.Test_cases.Test_CreateTask_Sorter@73e22a3d]" started-at="2023-07-03T21:56:00 IST" name="CreatTask_Sorter" finished-at="2023-07-03T21:56:35 IST" duration-ms="34910" status="PASS">
          <reporter-output>
          </reporter-output>
        </test-method> <!-- CreatTask_Sorter -->
        <test-method is-config="true" signature="tearDownMethod(org.testng.ITestResult)[pri:0, instance:com.altos.Test_cases.Test_CreateTask_Sorter@73e22a3d]" started-at="2023-07-03T21:56:35 IST" name="tearDownMethod" finished-at="2023-07-03T21:56:36 IST" duration-ms="476" status="PASS">
          <params>
            <param index="0">
              <value>
                <![CDATA[[TestResult name=CreatTask_Sorter status=SUCCESS method=Test_CreateTask_Sorter.CreatTask_Sorter()[pri:0, instance:com.altos.Test_cases.Test_CreateTask_Sorter@73e22a3d] output={null}]]]>
              </value>
            </param>
          </params>
          <reporter-output>
            <line>
              <![CDATA[Test is about to end]]>
            </line>
            <line>
              <![CDATA[Test Completed >>> Reports Generated]]>
            </line>
          </reporter-output>
        </test-method> <!-- tearDownMethod -->
        <test-method is-config="true" signature="tearDown()[pri:0, instance:com.altos.Test_cases.Test_CreateTask_Sorter@73e22a3d]" started-at="2023-07-03T21:56:36 IST" name="tearDown" finished-at="2023-07-03T21:56:36 IST" duration-ms="462" status="PASS">
          <reporter-output>
          </reporter-output>
        </test-method> <!-- tearDown -->
      </class> <!-- com.altos.Test_cases.Test_CreateTask_Sorter -->
    </test> <!-- Test -->
  </suite> <!-- Create Task Sorter -->
</testng-results>
